# JRE version: Java(TM) SE Runtime Environment (7.0_55-b13) (build 1.7.0_55-b13)
# Java VM: Java HotSpot(TM) 64-Bit Server VM (24.55-b03 mixed mode windows-amd64 compressed oops)
Heap
 PSYoungGen      total 38400K, used 36531K [0x00000007d5e00000, 0x00000007da900000, 0x0000000800000000)
  eden space 33280K, 94% used [0x00000007d5e00000,0x00000007d7cadcf8,0x00000007d7e80000)
  from space 5120K, 99% used [0x00000007d7e80000,0x00000007d837f130,0x00000007d8380000)
  to   space 5120K, 0% used [0x00000007da400000,0x00000007da400000,0x00000007da900000)
 ParOldGen       total 86016K, used 12786K [0x0000000781a00000, 0x0000000786e00000, 0x00000007d5e00000)
  object space 86016K, 14% used [0x0000000781a00000,0x000000078267c8f0,0x0000000786e00000)
 PSPermGen       total 26112K, used 26023K [0x000000077c800000, 0x000000077e180000, 0x0000000781a00000)
  object space 26112K, 99% used [0x000000077c800000,0x000000077e169c00,0x000000077e180000)
GC Heap History (6 events):
Event: 1.210 GC heap before
{Heap before GC invocations=1 (full 0):
 PSYoungGen      total 38400K, used 33280K [0x00000007d5e00000, 0x00000007d8880000, 0x0000000800000000)
  eden space 33280K, 100% used [0x00000007d5e00000,0x00000007d7e80000,0x00000007d7e80000)
  from space 5120K, 0% used [0x00000007d8380000,0x00000007d8380000,0x00000007d8880000)
  to   space 5120K, 0% used [0x00000007d7e80000,0x00000007d7e80000,0x00000007d8380000)
 ParOldGen       total 86016K, used 0K [0x0000000781a00000, 0x0000000786e00000, 0x00000007d5e00000)
  object space 86016K, 0% used [0x0000000781a00000,0x0000000781a00000,0x0000000786e00000)
 PSPermGen       total 21504K, used 9694K [0x000000077c800000, 0x000000077dd00000, 0x0000000781a00000)
  object space 21504K, 45% used [0x000000077c800000,0x000000077d177830,0x000000077dd00000)
Event: 1.219 GC heap after
Heap after GC invocations=1 (full 0):
 PSYoungGen      total 38400K, used 5092K [0x00000007d5e00000, 0x00000007d8880000, 0x0000000800000000)
  eden space 33280K, 0% used [0x00000007d5e00000,0x00000007d5e00000,0x00000007d7e80000)
  from space 5120K, 99% used [0x00000007d7e80000,0x00000007d83792e8,0x00000007d8380000)
  to   space 5120K, 0% used [0x00000007d8380000,0x00000007d8380000,0x00000007d8880000)
 ParOldGen       total 86016K, used 2258K [0x0000000781a00000, 0x0000000786e00000, 0x00000007d5e00000)
  object space 86016K, 2% used [0x0000000781a00000,0x0000000781c34ad0,0x0000000786e00000)
 PSPermGen       total 21504K, used 9694K [0x000000077c800000, 0x000000077dd00000, 0x0000000781a00000)
  object space 21504K, 45% used [0x000000077c800000,0x000000077d177830,0x000000077dd00000)
}
Event: 1.896 GC heap before
{Heap before GC invocations=2 (full 0):
 PSYoungGen      total 38400K, used 38372K [0x00000007d5e00000, 0x00000007d8880000, 0x0000000800000000)
  eden space 33280K, 100% used [0x00000007d5e00000,0x00000007d7e80000,0x00000007d7e80000)
  from space 5120K, 99% used [0x00000007d7e80000,0x00000007d83792e8,0x00000007d8380000)
  to   space 5120K, 0% used [0x00000007d8380000,0x00000007d8380000,0x00000007d8880000)
 ParOldGen       total 86016K, used 2258K [0x0000000781a00000, 0x0000000786e00000, 0x00000007d5e00000)
  object space 86016K, 2% used [0x0000000781a00000,0x0000000781c34ad0,0x0000000786e00000)
 PSPermGen       total 21504K, used 14269K [0x000000077c800000, 0x000000077dd00000, 0x0000000781a00000)
  object space 21504K, 66% used [0x000000077c800000,0x000000077d5ef4f8,0x000000077dd00000)
Event: 1.928 GC heap after
Heap after GC invocations=2 (full 0):
 PSYoungGen      total 38400K, used 5100K [0x00000007d5e00000, 0x00000007da900000, 0x0000000800000000)
  eden space 33280K, 0% used [0x00000007d5e00000,0x00000007d5e00000,0x00000007d7e80000)
  from space 5120K, 99% used [0x00000007d8380000,0x00000007d887b120,0x00000007d8880000)
  to   space 5120K, 0% used [0x00000007d7e80000,0x00000007d7e80000,0x00000007d8380000)
 ParOldGen       total 86016K, used 6390K [0x0000000781a00000, 0x0000000786e00000, 0x00000007d5e00000)
  object space 86016K, 7% used [0x0000000781a00000,0x000000078203db50,0x0000000786e00000)
 PSPermGen       total 21504K, used 14269K [0x000000077c800000, 0x000000077dd00000, 0x0000000781a00000)
  object space 21504K, 66% used [0x000000077c800000,0x000000077d5ef4f8,0x000000077dd00000)
}
Event: 3.660 GC heap before
{Heap before GC invocations=3 (full 0):
 PSYoungGen      total 38400K, used 38380K [0x00000007d5e00000, 0x00000007da900000, 0x0000000800000000)
  eden space 33280K, 100% used [0x00000007d5e00000,0x00000007d7e80000,0x00000007d7e80000)
  from space 5120K, 99% used [0x00000007d8380000,0x00000007d887b120,0x00000007d8880000)
  to   space 5120K, 0% used [0x00000007d7e80000,0x00000007d7e80000,0x00000007d8380000)
 ParOldGen       total 86016K, used 6390K [0x0000000781a00000, 0x0000000786e00000, 0x00000007d5e00000)
  object space 86016K, 7% used [0x0000000781a00000,0x000000078203db50,0x0000000786e00000)
 PSPermGen       total 21504K, used 18644K [0x000000077c800000, 0x000000077dd00000, 0x0000000781a00000)
  object space 21504K, 86% used [0x000000077c800000,0x000000077da350d0,0x000000077dd00000)
Event: 3.674 GC heap after
Heap after GC invocations=3 (full 0):
 PSYoungGen      total 38400K, used 5116K [0x00000007d5e00000, 0x00000007da900000, 0x0000000800000000)
  eden space 33280K, 0% used [0x00000007d5e00000,0x00000007d5e00000,0x00000007d7e80000)
  from space 5120K, 99% used [0x00000007d7e80000,0x00000007d837f130,0x00000007d8380000)
  to   space 5120K, 0% used [0x00000007da400000,0x00000007da400000,0x00000007da900000)
 ParOldGen       total 86016K, used 12786K [0x0000000781a00000, 0x0000000786e00000, 0x00000007d5e00000)
  object space 86016K, 14% used [0x0000000781a00000,0x000000078267c8f0,0x0000000786e00000)
 PSPermGen       total 21504K, used 18644K [0x000000077c800000, 0x000000077dd00000, 0x0000000781a00000)
  object space 21504K, 86% used [0x000000077c800000,0x000000077da350d0,0x000000077dd00000)
}

